This is pdfTeX, Version 3.1415926-2.4-1.40.13 (TeX Live 2012/Debian) (format=etex 2013.6.30)  12 FEB 2014 13:18
entering extended mode
 restricted \write18 enabled.
 file:line:error style messages enabled.
 %&-line parsing enabled.
**\catcode126=12 \def\normaltilde{~}\catcode126=13 \let~\normaltilde  \input ./
.././doc/csn.texi
(./.././doc/csn.texi (/usr/share/texmf/tex/texinfo/texinfo.tex
Loading texinfo [version 2008-04-18.10]:
\bindingoffset=\dimen16
\normaloffset=\dimen17
\pagewidth=\dimen18
\pageheight=\dimen19
\outerhsize=\dimen20
\outervsize=\dimen21
\cornerlong=\dimen22
\cornerthick=\dimen23
\topandbottommargin=\dimen24
\headlinebox=\box16
\footlinebox=\box17
\margin=\insert252
\EMsimple=\toks13
\groupbox=\box18
\groupinvalidhelp=\toks14
\mil=\dimen25
\exdentamount=\skip18
\inmarginspacing=\skip19
 pdf,
\tempnum=\count27
\lnkcount=\count28
\filename=\toks15
\filenamelength=\count29
\pgn=\count30
\toksA=\toks16
\toksB=\toks17
\toksC=\toks18
\toksD=\toks19
\boxA=\box19
\countA=\count31
\nopdfimagehelp=\toks20
 fonts,
\sffam=\fam8
\textleading=\dimen26
\fontdepth=\count32
 page headings,
\titlepagetopglue=\skip20
\titlepagebottomglue=\skip21
\evenheadline=\toks21
\oddheadline=\toks22
\evenfootline=\toks23
\oddfootline=\toks24
 tables,
\tableindent=\dimen27
\itemindent=\dimen28
\itemmargin=\dimen29
\itemmax=\dimen30
\itemno=\count33
\multitableparskip=\skip22
\multitableparindent=\skip23
\multitablecolspace=\dimen31
\multitablelinespace=\skip24
\colcount=\count34
\everytab=\toks25

conditionals,
\doignorecount=\count35
 indexing,
\whatsitskip=\skip25
\whatsitpenalty=\count36
\secondaryindent=\skip26
\partialpage=\box20
\doublecolumnhsize=\dimen32
 sectioning,
\unnumberedno=\count37
\chapno=\count38
\secno=\count39
\subsecno=\count40
\subsubsecno=\count41
\appendixno=\count42
\absseclevel=\count43
\secbase=\count44
\chapheadingskip=\skip27
\secheadingskip=\skip28
\subsecheadingskip=\skip29
 toc,
\tocfile=\write0
\contentsrightmargin=\skip30
\savepageno=\count45
\lastnegativepageno=\count46
\tocindent=\dimen33
 environments,
\errorbox=\box21
\lispnarrowing=\skip31
\envskipamount=\skip32
\circthick=\dimen34
\cartouter=\dimen35
\cartinner=\dimen36
\normbskip=\skip33
\normpskip=\skip34
\normlskip=\skip35
\lskip=\skip36
\rskip=\skip37
\tabw=\dimen37
 defuns,
\defbodyindent=\skip38
\defargsindent=\skip39
\deflastargmargin=\skip40
\defunpenalty=\count47
\parencount=\count48
\brackcount=\count49
 macros,
\paramno=\count50
\macname=\toks26

cross references,
\auxfile=\write1
\savesfregister=\count51
 insertions,
\footnoteno=\count52
\SAVEfootins=\box22
\SAVEmargin=\box23

(/usr/share/texlive/texmf-dist/tex/generic/epsf/epsf.tex
This is `epsf.tex' v2.7.4 <14 February 2011>
\epsffilein=\read1
\epsfframemargin=\dimen38
\epsfframethickness=\dimen39
\epsfrsize=\dimen40
\epsftmp=\dimen41
\epsftsize=\dimen42
\epsfxsize=\dimen43
\epsfysize=\dimen44
\pspoints=\dimen45
)
\noepsfhelp=\toks27
 localization,
\nolanghelp=\toks28
\countUTFx=\count53
\countUTFy=\count54
\countUTFz=\count55
 formatting,
\defaultparindent=\dimen46
 and turning on texinfo input format.) (./csn.aux)
\openout1 = `csn.aux'.

@cpindfile=@write2
@fnindfile=@write3
@vrindfile=@write4
@tpindfile=@write5
@kyindfile=@write6
@pgindfile=@write7

(./version.texi) [1
\openout2 = `csn.cp'.

\openout3 = `csn.fn'.

\openout4 = `csn.vr'.

\openout5 = `csn.tp'.

\openout6 = `csn.ky'.

\openout7 = `csn.pg'.

] [2] (./csn.toc) [-1] Chapter 1
\openout0 = `csn.toc'.

 Chapter 2 [1] Chapter 3
[2]
Underfull \hbox (badness 5260) in paragraph at lines 120--123
@textrm to have been in-stalled. De-tails about GNU Modula-2 can be found here

@hbox(7.60416+0.0)x433.62, glue set 3.74835
.@textrm t
.@textrm o
.@glue 3.65 plus 1.825 minus 1.21666
.@textrm h
.@textrm a
.etc.

Chapter 4 [3] [4] [5] Chapter 5 [6] Chapter 6 [7] [8] [9] [10] Chapter 7
[11] [12] Chapter 8 [13] [14] Chapter 9 [15] Chapter 10 [16] Appendix A
[17] (./fdl.texi (GNU Free Documentation License) [18] [19] [20] [21] [22]
[23] [24]) Appendix B [25] (./gpl.texi (GNU GENERAL PUBLIC LICENSE) [26]
Underfull \hbox (badness 2368) in paragraph at lines 82--82
[]@secrm TERMS AND CON-DI-TIONS FOR COPY-ING, 

@hbox(9.87999+2.79999)x433.62, glue set 2.87518
.@hbox(0.0+0.0)x0.0
.@secrm T
.@secrm E
.@secrm R
.@secrm M
.etc.

[27] [28] [29] [30] [31]) (Index) [32] (./csn.cps)
Overfull \vbox (5.25pt too high) has occurred while \output is active
\vbox(30.75+1.75)x207.80492
.\glue(\topskip) 29.85002
.\hbox(6.14998+1.75)x207.80492, glue set 22.65977fill
..\smallrm F
..\smallrm D
..\smallrm L
..\smallrm ,
..\glue 3.08331 plus 1.54166 minus 1.02777
..etc.


Overfull \vbox (5.25pt too high) has occurred while \output is active
\vbox(30.75+1.75)x207.80492
.\glue(\topskip) 29.85002
.\hbox(6.14998+1.75)x207.80492, glue set 22.65977fill
..\smallrm F
..\smallrm D
..\smallrm L
..\smallrm ,
..\glue 3.08331 plus 1.54166 minus 1.02777
..etc.

 [33] ) 
Here is how much of TeX's memory you used:
 1628 strings out of 497127
 18562 string characters out of 3207487
 56134 words of memory out of 3000000
 2791 multiletter control sequences out of 15000+200000
 32127 words of font info for 112 fonts, out of 3000000 for 9000
 51 hyphenation exceptions out of 8191
 15i,6n,16p,364b,454s stack positions out of 5000i,500n,10000p,200000b,50000s

Output written on csn.dvi (36 pages, 83316 bytes).
